app/build/outputs/mapping/release/seeds.txt
org.simpleframework.xml.core.Detail: org.simpleframework.xml.DefaultType getOverride()
androidx.core.view.AccessibilityDelegateCompat$AccessibilityDelegateAdapter: boolean onRequestSendAccessibilityEvent(android.view.ViewGroup,android.view.View,android.view.accessibility.AccessibilityEvent)
com.google.zxing.oned.ITFReader: void decodeMiddle(com.google.zxing.common.BitArray,int,int,java.lang.StringBuilder)
com.orhanobut.logger.Logger: void e(java.lang.Throwable,java.lang.String,java.lang.Object[])
org.simpleframework.xml.core.Session: boolean isEmpty()
androidx.core.view.ViewParentCompat$Api21Impl: void onNestedPreScroll(android.view.ViewParent,android.view.View,int,int,int[])
com.google.zxing.client.result.SMSMMSResultParser: void addNumberVia(java.util.Collection,java.util.Collection,java.lang.String)
org.simpleframework.xml.stream.HyphenStyle: HyphenStyle()
androidx.core.graphics.drawable.WrappedDrawableApi14: void setWrappedDrawable(android.graphics.drawable.Drawable)
androidx.core.util.LongSparseArrayKt: boolean contains(android.util.LongSparseArray,long)
com.google.gson.internal.Primitives: java.lang.Class wrap(java.lang.Class)
androidx.core.view.ViewPropertyAnimatorCompat$Api18Impl: android.view.animation.Interpolator getInterpolator(android.view.ViewPropertyAnimator)
okhttp3.internal.tls.CertificateChainCleaner: CertificateChainCleaner()
org.simpleframework.xml.stream.StreamProvider: StreamProvider()
com.google.gson.internal.ConstructorConstructor$6: java.lang.Object construct()
com.google.gson.JsonSerializationContext: com.google.gson.JsonElement serialize(java.lang.Object,java.lang.reflect.Type)
androidx.core.util.SparseIntArrayKt$keyIterator$1: boolean hasNext()
com.google.gson.internal.bind.TypeAdapters: com.google.gson.TypeAdapterFactory newFactory(java.lang.Class,java.lang.Class,com.google.gson.TypeAdapter)
org.simpleframework.xml.core.ElementListLabel: java.lang.String toString()
com.google.zxing.PlanarYUVLuminanceSource: int[] renderThumbnail()
com.google.zxing.common.DecoderResult: java.lang.Integer getErasures()
com.github.catvod.crawler.Spider: java.lang.String detailContent(java.util.List)
androidx.core.view.MenuItemCompat$Api26Impl: android.graphics.PorterDuff$Mode getIconTintMode(android.view.MenuItem)
org.simpleframework.xml.core.Qualifier: void scope(org.simpleframework.xml.core.Contact)
org.simpleframework.xml.core.TemplateParameter: TemplateParameter()
okio.SegmentedByteString: void write(java.io.OutputStream)
com.google.zxing.oned.rss.expanded.RSSExpandedReader: int getNextSecondBar(com.google.zxing.common.BitArray,int)
androidx.core.view.GestureDetectorCompat$GestureDetectorCompatImplBase: void setIsLongpressEnabled(boolean)
androidx.core.graphics.drawable.IconCompat: android.graphics.Bitmap createLegacyIconFromAdaptiveIcon(android.graphics.Bitmap,boolean)
com.google.zxing.oned.rss.expanded.decoders.GeneralAppIdDecoder: com.google.zxing.oned.rss.expanded.decoders.DecodedNumeric decodeNumeric(int)
org.simpleframework.xml.core.Expression: java.lang.String getPath()
com.github.catvod.spider.NGkt$It: java.lang.String toString()
androidx.core.content.res.GrowingArrayUtils: int[] insert(int[],int,int,int)
okhttp3.internal.tls.DistinguishedNameParser: DistinguishedNameParser(javax.security.auth.x500.X500Principal)
okhttp3.internal.ws.WebSocketReader$FrameCallback: void onReadPong(okio.ByteString)
androidx.core.text.HtmlKt: android.text.Spanned parseAsHtml$default(java.lang.String,int,android.text.Html$ImageGetter,android.text.Html$TagHandler,int,java.lang.Object)
org.simpleframework.xml.core.PrimitiveList: void write(org.simpleframework.xml.stream.OutputNode,java.lang.Object)
androidx.core.view.ViewPropertyAnimatorCompat: androidx.core.view.ViewPropertyAnimatorCompat rotationYBy(float)
androidx.core.content.IntentCompat: android.os.Parcelable[] getParcelableArrayExtra(android.content.Intent,java.lang.String,java.lang.Class)
org.simpleframework.xml.core.ElementArrayLabel: java.lang.String getName()