app/build/outputs/mapping/release/usage.txt
androidx.arch.core.executor.DefaultTaskExecutor$1:
    private static final java.lang.String THREAD_NAME_STEM
androidx.arch.core.executor.TaskExecutor:
    public void executeOnMainThread(java.lang.Runnable)
androidx.arch.core.internal.SafeIterableMap:
    public java.lang.Object putIfAbsent(java.lang.Object,java.lang.Object)
androidx.arch.core.util.Function
androidx.collection.ArrayMap:
    public void <init>(int)
    public void <init>(androidx.collection.SimpleArrayMap)
    public boolean containsAll(java.util.Collection)
    public boolean removeAll(java.util.Collection)
    public boolean retainAll(java.util.Collection)
androidx.collection.ArraySet:
    private static final int BASE_SIZE
    private static final int CACHE_SIZE
    private static final boolean DEBUG
    private static final java.lang.String TAG
    public void <init>()
    public void <init>(androidx.collection.ArraySet)
    public void <init>(java.util.Collection)
    public void addAll(androidx.collection.ArraySet)
    public void append(java.lang.Object)
    public boolean removeAll(androidx.collection.ArraySet)
androidx.collection.CircularArray
androidx.collection.CircularIntArray
androidx.collection.ContainerHelpers:
    private void <init>()
    public static int idealIntArraySize(int)
androidx.collection.LongSparseArray:
    public void <init>()
    public void append(long,java.lang.Object)
    public void clear()
    public boolean containsKey(long)
    public boolean containsValue(java.lang.Object)
    public void delete(long)
    public int indexOfKey(long)
    public int indexOfValue(java.lang.Object)
    public boolean isEmpty()
    public void putAll(androidx.collection.LongSparseArray)
    public void remove(long)
    public void removeAt(int)
    public void setValueAt(int,java.lang.Object)
androidx.collection.LruCache:
    public final synchronized int createCount()
    public final synchronized int evictionCount()
    public final synchronized int hitCount()
    public final synchronized int maxSize()
    public final synchronized int missCount()
    public final synchronized int putCount()
    public final java.lang.Object remove(java.lang.Object)
    public void resize(int)
    public final synchronized int size()
    public final synchronized java.util.Map snapshot()
androidx.collection.SimpleArrayMap:
    private static final int BASE_SIZE
    private static final int CACHE_SIZE
    private static final boolean CONCURRENT_MODIFICATION_EXCEPTIONS
    private static final boolean DEBUG
    private static final java.lang.String TAG
    public void <init>(int)
    public void <init>(androidx.collection.SimpleArrayMap)
    public void putAll(androidx.collection.SimpleArrayMap)
androidx.collection.SparseArrayCompat
androidx.concurrent.futures.AbstractResolvableFuture$SetFuture:
    void <init>(androidx.concurrent.futures.AbstractResolvableFuture,com.google.common.util.concurrent.ListenableFuture)
    public void run()
androidx.concurrent.futures.AbstractResolvableFuture:
    private static final long SPIN_THRESHOLD_NANOS
    final void maybePropagateCancellationTo(java.util.concurrent.Future)
    protected boolean setException(java.lang.Throwable)
    protected boolean setFuture(com.google.common.util.concurrent.ListenableFuture)
    protected final boolean wasInterrupted()
androidx.concurrent.futures.CallbackToFutureAdapter$Completer
androidx.concurrent.futures.CallbackToFutureAdapter$FutureGarbageCollectedException
androidx.concurrent.futures.CallbackToFutureAdapter$Resolver
androidx.concurrent.futures.CallbackToFutureAdapter$SafeFuture$1
androidx.concurrent.futures.CallbackToFutureAdapter$SafeFuture
androidx.concurrent.futures.CallbackToFutureAdapter
androidx.concurrent.futures.DirectExecutor
androidx.concurrent.futures.ResolvableFuture:
    public boolean setException(java.lang.Throwable)
    public boolean setFuture(com.google.common.util.concurrent.ListenableFuture)
androidx.interpolator.R